<?xml version="1.0" encoding="UTF-8"?>
<robot generator="Robot 7.4.2 (Python 3.14.0 on win32)" generated="2026-04-05T14:46:04.273672" rpa="false" schemaversion="5">
<suite id="s1" name="Diary Demo" source="C:\Users\elkku\OneDrive\Tiedostot\Web-Dev\front-end\hyte-projekti\diary_demo.robot">
<test id="s1-t1" name="Add New Diary Entry" line="15">
<kw name="New Browser" owner="Browser">
<msg time="2026-04-05T14:46:04.662823" level="INFO">{"browser": "chromium", "headless": false, "chromiumSandbox": false, "devtools": false, "handleSIGHUP": true, "handleSIGINT": true, "handleSIGTERM": true, "slowMo": 0.0, "timeout": 30000.0, "tracesDir": "C:\\Users\\elkku\\OneDrive\\Tiedostot\\Web-Dev\\front-end\\hyte-projekti\\browser\\traces\\temp\\aa7c76e9-a7eb-488d-8cf7-96f3e0d53435"}</msg>
<msg time="2026-04-05T14:46:04.704210" level="INFO">Starting Browser process C:\Users\elkku\AppData\Local\Programs\Python\Python314\Lib\site-packages\Browser\wrapper\index.js using at 127.0.0.1:51569</msg>
<msg time="2026-04-05T14:46:06.037100" level="INFO">Successfully created browser with options: {"browser":"chromium","headless":false,"chromiumSandbox":false,"devtools":false,"handleSIGHUP":true,"handleSIGINT":true,"handleSIGTERM":true,"slowMo":0,"timeout":30000,"tracesDir":"C:\\Users\\elkku\\OneDrive\\Tiedostot\\Web-Dev\\front-end\\hyte-projekti\\browser\\traces\\temp\\aa7c76e9-a7eb-488d-8cf7-96f3e0d53435"}</msg>
<arg>chromium</arg>
<arg>headless=No</arg>
<tag>BrowserControl</tag>
<tag>Setter</tag>
<doc>Create a new playwright Browser with specified options.</doc>
<status status="PASS" start="2026-04-05T14:46:04.661470" elapsed="1.376367"/>
</kw>
<kw name="New Page" owner="Browser">
<msg time="2026-04-05T14:46:06.389889" level="INFO">Successfully initialized new page object and opened url: http://localhost:5173/paivakirja.html</msg>
<msg time="2026-04-05T14:46:06.389994" level="INFO">No context was open. New context was automatically opened when this page is created.</msg>
<arg>${URL}</arg>
<tag>BrowserControl</tag>
<tag>Setter</tag>
<doc>Open a new Page.</doc>
<status status="PASS" start="2026-04-05T14:46:06.041067" elapsed="0.349120"/>
</kw>
<kw name="Get Title" owner="Browser">
<msg time="2026-04-05T14:46:06.401693" level="INFO">Title: 'Positioning Items'</msg>
<arg>contains</arg>
<arg>Positioning Items</arg>
<tag>Assertion</tag>
<tag>Getter</tag>
<tag>PageContent</tag>
<doc>Returns the title of the current page.</doc>
<status status="PASS" start="2026-04-05T14:46:06.390652" elapsed="0.011177"/>
</kw>
<kw name="Fill Text" owner="Browser">
<msg time="2026-04-05T14:46:06.403272" level="INFO">Fills the text 'testiuser' in the given field.</msg>
<arg>id=nav-username</arg>
<arg>${USERNAME}</arg>
<tag>PageContent</tag>
<tag>Setter</tag>
<doc>Clears and fills the given ``txt`` into the text field found by ``selector``.</doc>
<status status="PASS" start="2026-04-05T14:46:06.402299" elapsed="0.038619"/>
</kw>
<kw name="Fill Text" owner="Browser">
<msg time="2026-04-05T14:46:06.442282" level="INFO">Fills the text 'testisalis' in the given field.</msg>
<arg>id=nav-password</arg>
<arg>${PASSWORD}</arg>
<tag>PageContent</tag>
<tag>Setter</tag>
<doc>Clears and fills the given ``txt`` into the text field found by ``selector``.</doc>
<status status="PASS" start="2026-04-05T14:46:06.441464" elapsed="0.013653"/>
</kw>
<kw name="Evaluate" owner="BuiltIn">
<msg time="2026-04-05T14:46:06.456828" level="FAIL">Evaluating expression "document.querySelector('#nav-login-form').requestSubmit()" failed: NameError: name 'document' is not defined nor importable as module</msg>
<arg>document.querySelector('#nav-login-form').requestSubmit()</arg>
<doc>Evaluates the given expression in Python and returns the result.</doc>
<status status="FAIL" start="2026-04-05T14:46:06.455493" elapsed="0.001635">Evaluating expression "document.querySelector('#nav-login-form').requestSubmit()" failed: NameError: name 'document' is not defined nor importable as module</status>
</kw>
<kw name="Click" owner="Browser">
<arg>id=open-entry-form</arg>
<tag>PageContent</tag>
<tag>Setter</tag>
<doc>Simulates mouse click on the element found by ``selector``.</doc>
<status status="NOT RUN" start="2026-04-05T14:46:06.458229" elapsed="0.000291"/>
</kw>
<kw name="Wait For Elements State" owner="Browser">
<arg>id=entry-form-container</arg>
<arg>visible</arg>
<arg>timeout=3s</arg>
<tag>PageContent</tag>
<tag>Wait</tag>
<doc>Waits for the element found by ``selector`` to satisfy state option.</doc>
<status status="NOT RUN" start="2026-04-05T14:46:06.459159" elapsed="0.000369"/>
</kw>
<kw name="Fill Text" owner="Browser">
<arg>id=entry-date</arg>
<arg>${DATE}</arg>
<tag>PageContent</tag>
<tag>Setter</tag>
<doc>Clears and fills the given ``txt`` into the text field found by ``selector``.</doc>
<status status="NOT RUN" start="2026-04-05T14:46:06.460140" elapsed="0.000349"/>
</kw>
<kw name="Type Text" owner="Browser">
<arg>id=entry-mood</arg>
<arg>${MOOD}</arg>
<tag>PageContent</tag>
<tag>Setter</tag>
<doc>Types the given ``txt`` into the text field found by ``selector``.</doc>
<status status="NOT RUN" start="2026-04-05T14:46:06.460995" elapsed="0.000240"/>
</kw>
<kw name="Type Text" owner="Browser">
<arg>id=entry-weight</arg>
<arg>${WEIGHT}</arg>
<tag>PageContent</tag>
<tag>Setter</tag>
<doc>Types the given ``txt`` into the text field found by ``selector``.</doc>
<status status="NOT RUN" start="2026-04-05T14:46:06.461662" elapsed="0.000304"/>
</kw>
<kw name="Type Text" owner="Browser">
<arg>id=entry-sleep</arg>
<arg>${SLEEP}</arg>
<tag>PageContent</tag>
<tag>Setter</tag>
<doc>Types the given ``txt`` into the text field found by ``selector``.</doc>
<status status="NOT RUN" start="2026-04-05T14:46:06.462329" elapsed="0.000274"/>
</kw>
<kw name="Type Text" owner="Browser">
<arg>id=entry-notes</arg>
<arg>${NOTES}</arg>
<tag>PageContent</tag>
<tag>Setter</tag>
<doc>Types the given ``txt`` into the text field found by ``selector``.</doc>
<status status="NOT RUN" start="2026-04-05T14:46:06.463333" elapsed="0.000291"/>
</kw>
<kw name="Click" owner="Browser">
<arg>css=.save-btn</arg>
<tag>PageContent</tag>
<tag>Setter</tag>
<doc>Simulates mouse click on the element found by ``selector``.</doc>
<status status="NOT RUN" start="2026-04-05T14:46:06.464013" elapsed="0.000375"/>
</kw>
<kw name="Wait For Elements State" owner="Browser">
<arg>id=entry-form-container</arg>
<arg>hidden</arg>
<arg>timeout=3s</arg>
<tag>PageContent</tag>
<tag>Wait</tag>
<doc>Waits for the element found by ``selector`` to satisfy state option.</doc>
<status status="NOT RUN" start="2026-04-05T14:46:06.464905" elapsed="0.000332"/>
</kw>
<status status="FAIL" start="2026-04-05T14:46:04.660146" elapsed="1.805616">Evaluating expression "document.querySelector('#nav-login-form').requestSubmit()" failed: NameError: name 'document' is not defined nor importable as module</status>
</test>
<status status="FAIL" start="2026-04-05T14:46:04.278557" elapsed="2.191416"/>
</suite>
<statistics>
<total>
<stat pass="0" fail="1" skip="0">All Tests</stat>
</total>
<tag>
</tag>
<suite>
<stat name="Diary Demo" id="s1" pass="0" fail="1" skip="0">Diary Demo</stat>
</suite>
</statistics>
<errors>
</errors>
</robot>
