<?xml version="1.0" encoding="UTF-8"?>
<robot generator="Robot 7.4.2 (Python 3.14.0 on win32)" generated="2026-04-22T11:19:41.008983" rpa="false" schemaversion="5">
<suite id="s1" name="Login Env" source="C:\Users\elkku\OneDrive\Tiedostot\Web-Dev\front-end\hyte-projekti\tests\login_env.robot">
<test id="s1-t1" name="Login With Env Credentials" line="6">
<kw name="Get File" owner="OperatingSystem">
<msg time="2026-04-22T11:19:42.020430" level="INFO" html="true">Getting file '&lt;a href="file://C:\Users\elkku\OneDrive\Tiedostot\Web-Dev\front-end\hyte-projekti\tests\.env"&gt;C:\Users\elkku\OneDrive\Tiedostot\Web-Dev\front-end\hyte-projekti\tests\.env&lt;/a&gt;'.</msg>
<msg time="2026-04-22T11:19:42.042733" level="INFO">${env} = TEST_USERNAME=testiuser
TEST_PASSWORD=testisalis
</msg>
<var>${env}</var>
<arg>.env</arg>
<doc>Returns the contents of a specified file.</doc>
<status status="PASS" start="2026-04-22T11:19:42.019157" elapsed="0.023706"/>
</kw>
<kw name="Split To Lines">
<msg time="2026-04-22T11:19:42.048074" level="FAIL">No keyword with name 'Split To Lines' found.</msg>
<var>${lines}</var>
<arg>${env}</arg>
<status status="FAIL" start="2026-04-22T11:19:42.047543" elapsed="0.000674">No keyword with name 'Split To Lines' found.</status>
</kw>
<for flavor="IN">
<iter>
<kw name="Split String">
<var>${parts}</var>
<arg>${line}</arg>
<arg>=</arg>
<status status="NOT RUN" start="2026-04-22T11:19:42.051500" elapsed="0.000486"/>
</kw>
<kw name="Set Suite Variable" owner="BuiltIn">
<arg>${${parts}[0]}</arg>
<arg>${${parts}[1]}</arg>
<doc>Makes a variable available everywhere within the scope of the current suite.</doc>
<status status="NOT RUN" start="2026-04-22T11:19:42.052807" elapsed="0.000601"/>
</kw>
<var name="${line}"/>
<status status="NOT RUN" start="2026-04-22T11:19:42.050593" elapsed="0.004660"/>
</iter>
<var>${line}</var>
<value>@{lines}</value>
<status status="NOT RUN" start="2026-04-22T11:19:42.049065" elapsed="0.006640"/>
</for>
<kw name="New Browser" owner="Browser">
<arg>chromium</arg>
<arg>headless=No</arg>
<tag>BrowserControl</tag>
<tag>Setter</tag>
<doc>Create a new playwright Browser with specified options.</doc>
<status status="NOT RUN" start="2026-04-22T11:19:42.056850" elapsed="0.000563"/>
</kw>
<kw name="New Page" owner="Browser">
<arg>http://localhost:5174/index.html</arg>
<tag>BrowserControl</tag>
<tag>Setter</tag>
<doc>Open a new Page.</doc>
<status status="NOT RUN" start="2026-04-22T11:19:42.058296" elapsed="0.000442"/>
</kw>
<kw name="Wait For Elements State" owner="Browser">
<arg>id=nav-login-form</arg>
<arg>visible</arg>
<arg>timeout=5s</arg>
<tag>PageContent</tag>
<tag>Wait</tag>
<doc>Waits for the element found by ``selector`` to satisfy state option.</doc>
<status status="NOT RUN" start="2026-04-22T11:19:42.059570" elapsed="0.000563"/>
</kw>
<kw name="Type Text" owner="Browser">
<arg>id=nav-username</arg>
<arg>${TEST_USERNAME}</arg>
<tag>PageContent</tag>
<tag>Setter</tag>
<doc>Types the given ``txt`` into the text field found by ``selector``.</doc>
<status status="NOT RUN" start="2026-04-22T11:19:42.060835" elapsed="0.000470"/>
</kw>
<kw name="Type Secret" owner="Browser">
<arg>id=nav-password</arg>
<arg>${TEST_PASSWORD}</arg>
<tag>PageContent</tag>
<tag>Setter</tag>
<doc>Types the given secret from ``variable_name`` into the text field
found by ``selector``.</doc>
<status status="NOT RUN" start="2026-04-22T11:19:42.062018" elapsed="0.000621"/>
</kw>
<kw name="Click" owner="Browser">
<arg>xpath=//form[@id='nav-login-form']//button[@type='submit']</arg>
<tag>PageContent</tag>
<tag>Setter</tag>
<doc>Simulates mouse click on the element found by ``selector``.</doc>
<status status="NOT RUN" start="2026-04-22T11:19:42.063992" elapsed="0.000896"/>
</kw>
<kw name="Wait For Elements State" owner="Browser">
<arg>xpath=//span[contains(.,'Tervetuloa')]</arg>
<arg>visible</arg>
<arg>timeout=5s</arg>
<tag>PageContent</tag>
<tag>Wait</tag>
<doc>Waits for the element found by ``selector`` to satisfy state option.</doc>
<status status="NOT RUN" start="2026-04-22T11:19:42.066836" elapsed="0.000541"/>
</kw>
<kw name="Get Text" owner="Browser">
<var>${text}</var>
<arg>xpath=//span[contains(.,'Tervetuloa')]</arg>
<tag>Assertion</tag>
<tag>Getter</tag>
<tag>PageContent</tag>
<doc>Returns text attribute of the element found by ``selector``.</doc>
<status status="NOT RUN" start="2026-04-22T11:19:42.068158" elapsed="0.000410"/>
</kw>
<kw name="Should Contain" owner="BuiltIn">
<arg>${text}</arg>
<arg>${TEST_USERNAME}</arg>
<doc>Fails if ``container`` does not contain ``item`` one or more times.</doc>
<status status="NOT RUN" start="2026-04-22T11:19:42.069822" elapsed="0.000639"/>
</kw>
<kw name="Wait For Elements State" owner="Browser">
<arg>id=diary-link</arg>
<arg>visible</arg>
<arg>timeout=5s</arg>
<tag>PageContent</tag>
<tag>Wait</tag>
<doc>Waits for the element found by ``selector`` to satisfy state option.</doc>
<status status="NOT RUN" start="2026-04-22T11:19:42.072157" elapsed="0.001732"/>
</kw>
<kw name="Click" owner="Browser">
<arg>id=diary-link</arg>
<tag>PageContent</tag>
<tag>Setter</tag>
<doc>Simulates mouse click on the element found by ``selector``.</doc>
<status status="NOT RUN" start="2026-04-22T11:19:42.075121" elapsed="0.000557"/>
</kw>
<kw name="Wait For Elements State" owner="Browser">
<arg>text=Lisää uusi merkintä</arg>
<arg>visible</arg>
<arg>timeout=5s</arg>
<tag>PageContent</tag>
<tag>Wait</tag>
<doc>Waits for the element found by ``selector`` to satisfy state option.</doc>
<status status="NOT RUN" start="2026-04-22T11:19:42.076387" elapsed="0.000478"/>
</kw>
<msg time="2026-04-22T11:19:42.159098" level="INFO">Starting Browser process C:\Users\elkku\OneDrive\Tiedostot\Web-Dev\front-end\hyte-projekti\.venv\Lib\site-packages\Browser\wrapper\index.js using at 127.0.0.1:61145</msg>
<status status="FAIL" start="2026-04-22T11:19:42.015696" elapsed="0.061902">No keyword with name 'Split To Lines' found.</status>
</test>
<status status="FAIL" start="2026-04-22T11:19:41.017767" elapsed="4.390940"/>
</suite>
<statistics>
<total>
<stat pass="0" fail="1" skip="0">All Tests</stat>
</total>
<tag>
</tag>
<suite>
<stat name="Login Env" id="s1" pass="0" fail="1" skip="0">Login Env</stat>
</suite>
</statistics>
<errors>
</errors>
</robot>
